Connecting to database specified by database.yml
Connecting to database specified by database.yml


Started GET "/" for 127.0.0.1 at 2013-04-27 13:32:03 -0600
Processing by WelcomeController#index as HTML
  Rendered welcome/index.html.erb within layouts/application (2.2ms)
Compiled main.css  (1ms)  (pid 16010)
Compiled application.css  (2888ms)  (pid 16010)
  Rendered shared/_navbar.html.erb (0.5ms)
  Rendered shared/_footer.html.erb (0.2ms)
Compiled jquery.js  (27ms)  (pid 16010)
Compiled jquery_ujs.js  (0ms)  (pid 16010)
Compiled main.js  (0ms)  (pid 16010)
Compiled bootstrap-transition.js  (0ms)  (pid 16010)
Compiled bootstrap-affix.js  (0ms)  (pid 16010)
Compiled bootstrap-alert.js  (0ms)  (pid 16010)
Compiled bootstrap-button.js  (0ms)  (pid 16010)
Compiled bootstrap-carousel.js  (0ms)  (pid 16010)
Compiled bootstrap-collapse.js  (0ms)  (pid 16010)
Compiled bootstrap-dropdown.js  (0ms)  (pid 16010)
Compiled bootstrap-modal.js  (0ms)  (pid 16010)
Compiled bootstrap-scrollspy.js  (0ms)  (pid 16010)
Compiled bootstrap-tab.js  (0ms)  (pid 16010)
Compiled bootstrap-tooltip.js  (0ms)  (pid 16010)
Compiled bootstrap-popover.js  (0ms)  (pid 16010)
Compiled bootstrap-typeahead.js  (0ms)  (pid 16010)
Compiled bootstrap.js  (348ms)  (pid 16010)
Compiled application.js  (480ms)  (pid 16010)
Completed 200 OK in 3557ms (Views: 3556.8ms | ActiveRecord: 0.0ms)


Started GET "/users/sign_up" for 127.0.0.1 at 2013-04-27 13:32:14 -0600
Processing by Devise::RegistrationsController#new as HTML
Completed 500 Internal Server Error in 74ms

ActiveRecord::StatementInvalid - Could not find table 'users':
  (gem) activerecord-3.2.13/lib/active_record/connection_adapters/sqlite_adapter.rb:472:in `table_structure'
  (gem) activerecord-3.2.13/lib/active_record/connection_adapters/sqlite_adapter.rb:346:in `columns'
  (gem) activerecord-3.2.13/lib/active_record/connection_adapters/schema_cache.rb:12:in `block in initialize'
  (gem) activerecord-3.2.13/lib/active_record/model_schema.rb:228:in `columns'
  (gem) activerecord-3.2.13/lib/active_record/model_schema.rb:243:in `column_defaults'
  (gem) activerecord-3.2.13/lib/active_record/base.rb:482:in `initialize'
  (gem) devise-2.2.3/lib/devise/models/registerable.rb:20:in `new_with_session'
  (gem) devise-2.2.3/app/controllers/devise/registrations_controller.rb:87:in `build_resource'
  (gem) devise-2.2.3/app/controllers/devise/registrations_controller.rb:7:in `new'
  (gem) actionpack-3.2.13/lib/action_controller/metal/implicit_render.rb:4:in `send_action'
  (gem) actionpack-3.2.13/lib/abstract_controller/base.rb:167:in `process_action'
  (gem) actionpack-3.2.13/lib/action_controller/metal/rendering.rb:10:in `process_action'
  (gem) actionpack-3.2.13/lib/abstract_controller/callbacks.rb:18:in `block in process_action'
  (gem) activesupport-3.2.13/lib/active_support/callbacks.rb:436:in `_run__3659662960858349609__process_action__464572771551287384__callbacks'
  (gem) activesupport-3.2.13/lib/active_support/callbacks.rb:405:in `__run_callback'
  (gem) activesupport-3.2.13/lib/active_support/callbacks.rb:385:in `_run_process_action_callbacks'
  (gem) activesupport-3.2.13/lib/active_support/callbacks.rb:81:in `run_callbacks'
  (gem) actionpack-3.2.13/lib/abstract_controller/callbacks.rb:17:in `process_action'
  (gem) actionpack-3.2.13/lib/action_controller/metal/rescue.rb:29:in `process_action'
  (gem) actionpack-3.2.13/lib/action_controller/metal/instrumentation.rb:30:in `block in process_action'
  (gem) activesupport-3.2.13/lib/active_support/notifications.rb:123:in `block in instrument'
  (gem) activesupport-3.2.13/lib/active_support/notifications/instrumenter.rb:20:in `instrument'
  (gem) activesupport-3.2.13/lib/active_support/notifications.rb:123:in `instrument'
  (gem) actionpack-3.2.13/lib/action_controller/metal/instrumentation.rb:29:in `process_action'
  (gem) actionpack-3.2.13/lib/action_controller/metal/params_wrapper.rb:207:in `process_action'
  (gem) activerecord-3.2.13/lib/active_record/railties/controller_runtime.rb:18:in `process_action'
  (gem) actionpack-3.2.13/lib/abstract_controller/base.rb:121:in `process'
  (gem) actionpack-3.2.13/lib/abstract_controller/rendering.rb:45:in `process'
  (gem) actionpack-3.2.13/lib/action_controller/metal.rb:203:in `dispatch'
  (gem) actionpack-3.2.13/lib/action_controller/metal/rack_delegation.rb:14:in `dispatch'
  (gem) actionpack-3.2.13/lib/action_controller/metal.rb:246:in `block in action'
  (gem) actionpack-3.2.13/lib/action_dispatch/routing/route_set.rb:73:in `dispatch'
  (gem) actionpack-3.2.13/lib/action_dispatch/routing/route_set.rb:36:in `call'
  (gem) actionpack-3.2.13/lib/action_dispatch/routing/mapper.rb:42:in `call'
  (gem) journey-1.0.4/lib/journey/router.rb:68:in `block in call'
  (gem) journey-1.0.4/lib/journey/router.rb:56:in `call'
  (gem) actionpack-3.2.13/lib/action_dispatch/routing/route_set.rb:612:in `call'
  (gem) warden-1.2.1/lib/warden/manager.rb:35:in `block in call'
  (gem) warden-1.2.1/lib/warden/manager.rb:34:in `call'
  (gem) actionpack-3.2.13/lib/action_dispatch/middleware/best_standards_support.rb:17:in `call'
  (gem) rack-1.4.5/lib/rack/etag.rb:23:in `call'
  (gem) rack-1.4.5/lib/rack/conditionalget.rb:25:in `call'
  (gem) actionpack-3.2.13/lib/action_dispatch/middleware/head.rb:14:in `call'
  (gem) actionpack-3.2.13/lib/action_dispatch/middleware/params_parser.rb:21:in `call'
  (gem) actionpack-3.2.13/lib/action_dispatch/middleware/flash.rb:242:in `call'
  (gem) rack-1.4.5/lib/rack/session/abstract/id.rb:210:in `context'
  (gem) rack-1.4.5/lib/rack/session/abstract/id.rb:205:in `call'
  (gem) actionpack-3.2.13/lib/action_dispatch/middleware/cookies.rb:341:in `call'
  (gem) activerecord-3.2.13/lib/active_record/query_cache.rb:64:in `call'
  (gem) activerecord-3.2.13/lib/active_record/connection_adapters/abstract/connection_pool.rb:479:in `call'
  (gem) actionpack-3.2.13/lib/action_dispatch/middleware/callbacks.rb:28:in `block in call'
  (gem) activesupport-3.2.13/lib/active_support/callbacks.rb:405:in `_run__3044129535203646335__call__4559537185947239914__callbacks'
  (gem) activesupport-3.2.13/lib/active_support/callbacks.rb:405:in `__run_callback'
  (gem) activesupport-3.2.13/lib/active_support/callbacks.rb:385:in `_run_call_callbacks'
  (gem) activesupport-3.2.13/lib/active_support/callbacks.rb:81:in `run_callbacks'
  (gem) actionpack-3.2.13/lib/action_dispatch/middleware/callbacks.rb:27:in `call'
  (gem) actionpack-3.2.13/lib/action_dispatch/middleware/reloader.rb:65:in `call'
  (gem) actionpack-3.2.13/lib/action_dispatch/middleware/remote_ip.rb:31:in `call'
  (gem) better_errors-0.8.0/lib/better_errors/middleware.rb:84:in `protected_app_call'
  (gem) better_errors-0.8.0/lib/better_errors/middleware.rb:79:in `better_errors_call'
  (gem) better_errors-0.8.0/lib/better_errors/middleware.rb:56:in `call'
  (gem) actionpack-3.2.13/lib/action_dispatch/middleware/debug_exceptions.rb:16:in `call'
  (gem) actionpack-3.2.13/lib/action_dispatch/middleware/show_exceptions.rb:56:in `call'
  (gem) railties-3.2.13/lib/rails/rack/logger.rb:32:in `call_app'
  (gem) railties-3.2.13/lib/rails/rack/logger.rb:16:in `block in call'
  (gem) activesupport-3.2.13/lib/active_support/tagged_logging.rb:22:in `tagged'
  (gem) railties-3.2.13/lib/rails/rack/logger.rb:16:in `call'
  (gem) quiet_assets-1.0.2/lib/quiet_assets.rb:18:in `call_with_quiet_assets'
  (gem) actionpack-3.2.13/lib/action_dispatch/middleware/request_id.rb:22:in `call'
  (gem) rack-1.4.5/lib/rack/methodoverride.rb:21:in `call'
  (gem) rack-1.4.5/lib/rack/runtime.rb:17:in `call'
  (gem) activesupport-3.2.13/lib/active_support/cache/strategy/local_cache.rb:72:in `call'
  (gem) rack-1.4.5/lib/rack/lock.rb:15:in `call'
  (gem) actionpack-3.2.13/lib/action_dispatch/middleware/static.rb:63:in `call'
  (gem) railties-3.2.13/lib/rails/engine.rb:479:in `call'
  (gem) railties-3.2.13/lib/rails/application.rb:223:in `call'
  (gem) rack-1.4.5/lib/rack/content_length.rb:14:in `call'
  (gem) railties-3.2.13/lib/rails/rack/log_tailer.rb:17:in `call'
  (gem) rack-1.4.5/lib/rack/handler/webrick.rb:59:in `service'
  /usr/local/rvm/rubies/ruby-1.9.3-p392/lib/ruby/1.9.1/webrick/httpserver.rb:138:in `service'
  /usr/local/rvm/rubies/ruby-1.9.3-p392/lib/ruby/1.9.1/webrick/httpserver.rb:94:in `run'
  /usr/local/rvm/rubies/ruby-1.9.3-p392/lib/ruby/1.9.1/webrick/server.rb:191:in `block in start_thread'



Started POST "/__better_errors/2158344140/variables" for 127.0.0.1 at 2013-04-27 13:32:14 -0600
Connecting to database specified by database.yml
  [1m[36m (37.5ms)[0m  [1mselect sqlite_version(*)[0m
  [1m[35m (5.4ms)[0m  CREATE TABLE "massage_types" ("id" INTEGER PRIMARY KEY AUTOINCREMENT NOT NULL, "massage_type" varchar(255), "created_at" datetime NOT NULL, "updated_at" datetime NOT NULL) 
  [1m[36m (1.7ms)[0m  [1mCREATE TABLE "users" ("id" INTEGER PRIMARY KEY AUTOINCREMENT NOT NULL, "email" varchar(255) DEFAULT '' NOT NULL, "encrypted_password" varchar(255) DEFAULT '' NOT NULL, "reset_password_token" varchar(255), "reset_password_sent_at" datetime, "remember_created_at" datetime, "sign_in_count" integer DEFAULT 0, "current_sign_in_at" datetime, "last_sign_in_at" datetime, "current_sign_in_ip" varchar(255), "last_sign_in_ip" varchar(255), "created_at" datetime NOT NULL, "updated_at" datetime NOT NULL, "zipcode" varchar(255), "first_name" varchar(255), "last_name" varchar(255), "phone" varchar(255), "description" varchar(255)) [0m
  [1m[35m (1.3ms)[0m  CREATE UNIQUE INDEX "index_users_on_email" ON "users" ("email")
  [1m[36m (1.2ms)[0m  [1mCREATE UNIQUE INDEX "index_users_on_reset_password_token" ON "users" ("reset_password_token")[0m
  [1m[35m (0.9ms)[0m  CREATE TABLE "schema_migrations" ("version" varchar(255) NOT NULL) 
  [1m[36m (1.4ms)[0m  [1mCREATE UNIQUE INDEX "unique_schema_migrations" ON "schema_migrations" ("version")[0m
  [1m[35m (0.1ms)[0m  SELECT version FROM "schema_migrations"
  [1m[36m (0.9ms)[0m  [1mINSERT INTO "schema_migrations" (version) VALUES ('20130427190327')[0m
  [1m[35m (0.8ms)[0m  INSERT INTO "schema_migrations" (version) VALUES ('20130427173541')
  [1m[36m (0.9ms)[0m  [1mINSERT INTO "schema_migrations" (version) VALUES ('20130427174458')[0m
  [1m[35m (1.1ms)[0m  INSERT INTO "schema_migrations" (version) VALUES ('20130427174822')
  [1m[36m (0.9ms)[0m  [1mINSERT INTO "schema_migrations" (version) VALUES ('20130427174846')[0m
  [1m[35m (1.1ms)[0m  INSERT INTO "schema_migrations" (version) VALUES ('20130427185829')
  [1m[36m (1.7ms)[0m  [1mSELECT "schema_migrations"."version" FROM "schema_migrations" [0m


Started GET "/users/sign_up" for 127.0.0.1 at 2013-04-27 13:32:49 -0600
Processing by Devise::RegistrationsController#new as HTML
Completed 500 Internal Server Error in 1ms

ActiveRecord::StatementInvalid - Could not find table 'users':
  (gem) activerecord-3.2.13/lib/active_record/connection_adapters/sqlite_adapter.rb:472:in `table_structure'
  (gem) activerecord-3.2.13/lib/active_record/connection_adapters/sqlite_adapter.rb:346:in `columns'
  (gem) activerecord-3.2.13/lib/active_record/connection_adapters/schema_cache.rb:12:in `block in initialize'
  (gem) activerecord-3.2.13/lib/active_record/model_schema.rb:228:in `columns'
  (gem) activerecord-3.2.13/lib/active_record/model_schema.rb:243:in `column_defaults'
  (gem) activerecord-3.2.13/lib/active_record/base.rb:482:in `initialize'
  (gem) devise-2.2.3/lib/devise/models/registerable.rb:20:in `new_with_session'
  (gem) devise-2.2.3/app/controllers/devise/registrations_controller.rb:87:in `build_resource'
  (gem) devise-2.2.3/app/controllers/devise/registrations_controller.rb:7:in `new'
  (gem) actionpack-3.2.13/lib/action_controller/metal/implicit_render.rb:4:in `send_action'
  (gem) actionpack-3.2.13/lib/abstract_controller/base.rb:167:in `process_action'
  (gem) actionpack-3.2.13/lib/action_controller/metal/rendering.rb:10:in `process_action'
  (gem) actionpack-3.2.13/lib/abstract_controller/callbacks.rb:18:in `block in process_action'
  (gem) activesupport-3.2.13/lib/active_support/callbacks.rb:436:in `_run__3659662960858349609__process_action__464572771551287384__callbacks'
  (gem) activesupport-3.2.13/lib/active_support/callbacks.rb:405:in `__run_callback'
  (gem) activesupport-3.2.13/lib/active_support/callbacks.rb:385:in `_run_process_action_callbacks'
  (gem) activesupport-3.2.13/lib/active_support/callbacks.rb:81:in `run_callbacks'
  (gem) actionpack-3.2.13/lib/abstract_controller/callbacks.rb:17:in `process_action'
  (gem) actionpack-3.2.13/lib/action_controller/metal/rescue.rb:29:in `process_action'
  (gem) actionpack-3.2.13/lib/action_controller/metal/instrumentation.rb:30:in `block in process_action'
  (gem) activesupport-3.2.13/lib/active_support/notifications.rb:123:in `block in instrument'
  (gem) activesupport-3.2.13/lib/active_support/notifications/instrumenter.rb:20:in `instrument'
  (gem) activesupport-3.2.13/lib/active_support/notifications.rb:123:in `instrument'
  (gem) actionpack-3.2.13/lib/action_controller/metal/instrumentation.rb:29:in `process_action'
  (gem) actionpack-3.2.13/lib/action_controller/metal/params_wrapper.rb:207:in `process_action'
  (gem) activerecord-3.2.13/lib/active_record/railties/controller_runtime.rb:18:in `process_action'
  (gem) actionpack-3.2.13/lib/abstract_controller/base.rb:121:in `process'
  (gem) actionpack-3.2.13/lib/abstract_controller/rendering.rb:45:in `process'
  (gem) actionpack-3.2.13/lib/action_controller/metal.rb:203:in `dispatch'
  (gem) actionpack-3.2.13/lib/action_controller/metal/rack_delegation.rb:14:in `dispatch'
  (gem) actionpack-3.2.13/lib/action_controller/metal.rb:246:in `block in action'
  (gem) actionpack-3.2.13/lib/action_dispatch/routing/route_set.rb:73:in `dispatch'
  (gem) actionpack-3.2.13/lib/action_dispatch/routing/route_set.rb:36:in `call'
  (gem) actionpack-3.2.13/lib/action_dispatch/routing/mapper.rb:42:in `call'
  (gem) journey-1.0.4/lib/journey/router.rb:68:in `block in call'
  (gem) journey-1.0.4/lib/journey/router.rb:56:in `call'
  (gem) actionpack-3.2.13/lib/action_dispatch/routing/route_set.rb:612:in `call'
  (gem) warden-1.2.1/lib/warden/manager.rb:35:in `block in call'
  (gem) warden-1.2.1/lib/warden/manager.rb:34:in `call'
  (gem) actionpack-3.2.13/lib/action_dispatch/middleware/best_standards_support.rb:17:in `call'
  (gem) rack-1.4.5/lib/rack/etag.rb:23:in `call'
  (gem) rack-1.4.5/lib/rack/conditionalget.rb:25:in `call'
  (gem) actionpack-3.2.13/lib/action_dispatch/middleware/head.rb:14:in `call'
  (gem) actionpack-3.2.13/lib/action_dispatch/middleware/params_parser.rb:21:in `call'
  (gem) actionpack-3.2.13/lib/action_dispatch/middleware/flash.rb:242:in `call'
  (gem) rack-1.4.5/lib/rack/session/abstract/id.rb:210:in `context'
  (gem) rack-1.4.5/lib/rack/session/abstract/id.rb:205:in `call'
  (gem) actionpack-3.2.13/lib/action_dispatch/middleware/cookies.rb:341:in `call'
  (gem) activerecord-3.2.13/lib/active_record/query_cache.rb:64:in `call'
  (gem) activerecord-3.2.13/lib/active_record/connection_adapters/abstract/connection_pool.rb:479:in `call'
  (gem) actionpack-3.2.13/lib/action_dispatch/middleware/callbacks.rb:28:in `block in call'
  (gem) activesupport-3.2.13/lib/active_support/callbacks.rb:405:in `_run__3044129535203646335__call__4559537185947239914__callbacks'
  (gem) activesupport-3.2.13/lib/active_support/callbacks.rb:405:in `__run_callback'
  (gem) activesupport-3.2.13/lib/active_support/callbacks.rb:385:in `_run_call_callbacks'
  (gem) activesupport-3.2.13/lib/active_support/callbacks.rb:81:in `run_callbacks'
  (gem) actionpack-3.2.13/lib/action_dispatch/middleware/callbacks.rb:27:in `call'
  (gem) actionpack-3.2.13/lib/action_dispatch/middleware/reloader.rb:65:in `call'
  (gem) actionpack-3.2.13/lib/action_dispatch/middleware/remote_ip.rb:31:in `call'
  (gem) better_errors-0.8.0/lib/better_errors/middleware.rb:84:in `protected_app_call'
  (gem) better_errors-0.8.0/lib/better_errors/middleware.rb:79:in `better_errors_call'
  (gem) better_errors-0.8.0/lib/better_errors/middleware.rb:56:in `call'
  (gem) actionpack-3.2.13/lib/action_dispatch/middleware/debug_exceptions.rb:16:in `call'
  (gem) actionpack-3.2.13/lib/action_dispatch/middleware/show_exceptions.rb:56:in `call'
  (gem) railties-3.2.13/lib/rails/rack/logger.rb:32:in `call_app'
  (gem) railties-3.2.13/lib/rails/rack/logger.rb:16:in `block in call'
  (gem) activesupport-3.2.13/lib/active_support/tagged_logging.rb:22:in `tagged'
  (gem) railties-3.2.13/lib/rails/rack/logger.rb:16:in `call'
  (gem) quiet_assets-1.0.2/lib/quiet_assets.rb:18:in `call_with_quiet_assets'
  (gem) actionpack-3.2.13/lib/action_dispatch/middleware/request_id.rb:22:in `call'
  (gem) rack-1.4.5/lib/rack/methodoverride.rb:21:in `call'
  (gem) rack-1.4.5/lib/rack/runtime.rb:17:in `call'
  (gem) activesupport-3.2.13/lib/active_support/cache/strategy/local_cache.rb:72:in `call'
  (gem) rack-1.4.5/lib/rack/lock.rb:15:in `call'
  (gem) actionpack-3.2.13/lib/action_dispatch/middleware/static.rb:63:in `call'
  (gem) railties-3.2.13/lib/rails/engine.rb:479:in `call'
  (gem) railties-3.2.13/lib/rails/application.rb:223:in `call'
  (gem) rack-1.4.5/lib/rack/content_length.rb:14:in `call'
  (gem) railties-3.2.13/lib/rails/rack/log_tailer.rb:17:in `call'
  (gem) rack-1.4.5/lib/rack/handler/webrick.rb:59:in `service'
  /usr/local/rvm/rubies/ruby-1.9.3-p392/lib/ruby/1.9.1/webrick/httpserver.rb:138:in `service'
  /usr/local/rvm/rubies/ruby-1.9.3-p392/lib/ruby/1.9.1/webrick/httpserver.rb:94:in `run'
  /usr/local/rvm/rubies/ruby-1.9.3-p392/lib/ruby/1.9.1/webrick/server.rb:191:in `block in start_thread'



Started POST "/__better_errors/2156752480/variables" for 127.0.0.1 at 2013-04-27 13:32:49 -0600


Started GET "/users/sign_up" for 127.0.0.1 at 2013-04-27 13:32:50 -0600
Processing by Devise::RegistrationsController#new as HTML
Completed 500 Internal Server Error in 1ms

ActiveRecord::StatementInvalid - Could not find table 'users':
  (gem) activerecord-3.2.13/lib/active_record/connection_adapters/sqlite_adapter.rb:472:in `table_structure'
  (gem) activerecord-3.2.13/lib/active_record/connection_adapters/sqlite_adapter.rb:346:in `columns'
  (gem) activerecord-3.2.13/lib/active_record/connection_adapters/schema_cache.rb:12:in `block in initialize'
  (gem) activerecord-3.2.13/lib/active_record/model_schema.rb:228:in `columns'
  (gem) activerecord-3.2.13/lib/active_record/model_schema.rb:243:in `column_defaults'
  (gem) activerecord-3.2.13/lib/active_record/base.rb:482:in `initialize'
  (gem) devise-2.2.3/lib/devise/models/registerable.rb:20:in `new_with_session'
  (gem) devise-2.2.3/app/controllers/devise/registrations_controller.rb:87:in `build_resource'
  (gem) devise-2.2.3/app/controllers/devise/registrations_controller.rb:7:in `new'
  (gem) actionpack-3.2.13/lib/action_controller/metal/implicit_render.rb:4:in `send_action'
  (gem) actionpack-3.2.13/lib/abstract_controller/base.rb:167:in `process_action'
  (gem) actionpack-3.2.13/lib/action_controller/metal/rendering.rb:10:in `process_action'
  (gem) actionpack-3.2.13/lib/abstract_controller/callbacks.rb:18:in `block in process_action'
  (gem) activesupport-3.2.13/lib/active_support/callbacks.rb:436:in `_run__3659662960858349609__process_action__464572771551287384__callbacks'
  (gem) activesupport-3.2.13/lib/active_support/callbacks.rb:405:in `__run_callback'
  (gem) activesupport-3.2.13/lib/active_support/callbacks.rb:385:in `_run_process_action_callbacks'
  (gem) activesupport-3.2.13/lib/active_support/callbacks.rb:81:in `run_callbacks'
  (gem) actionpack-3.2.13/lib/abstract_controller/callbacks.rb:17:in `process_action'
  (gem) actionpack-3.2.13/lib/action_controller/metal/rescue.rb:29:in `process_action'
  (gem) actionpack-3.2.13/lib/action_controller/metal/instrumentation.rb:30:in `block in process_action'
  (gem) activesupport-3.2.13/lib/active_support/notifications.rb:123:in `block in instrument'
  (gem) activesupport-3.2.13/lib/active_support/notifications/instrumenter.rb:20:in `instrument'
  (gem) activesupport-3.2.13/lib/active_support/notifications.rb:123:in `instrument'
  (gem) actionpack-3.2.13/lib/action_controller/metal/instrumentation.rb:29:in `process_action'
  (gem) actionpack-3.2.13/lib/action_controller/metal/params_wrapper.rb:207:in `process_action'
  (gem) activerecord-3.2.13/lib/active_record/railties/controller_runtime.rb:18:in `process_action'
  (gem) actionpack-3.2.13/lib/abstract_controller/base.rb:121:in `process'
  (gem) actionpack-3.2.13/lib/abstract_controller/rendering.rb:45:in `process'
  (gem) actionpack-3.2.13/lib/action_controller/metal.rb:203:in `dispatch'
  (gem) actionpack-3.2.13/lib/action_controller/metal/rack_delegation.rb:14:in `dispatch'
  (gem) actionpack-3.2.13/lib/action_controller/metal.rb:246:in `block in action'
  (gem) actionpack-3.2.13/lib/action_dispatch/routing/route_set.rb:73:in `dispatch'
  (gem) actionpack-3.2.13/lib/action_dispatch/routing/route_set.rb:36:in `call'
  (gem) actionpack-3.2.13/lib/action_dispatch/routing/mapper.rb:42:in `call'
  (gem) journey-1.0.4/lib/journey/router.rb:68:in `block in call'
  (gem) journey-1.0.4/lib/journey/router.rb:56:in `call'
  (gem) actionpack-3.2.13/lib/action_dispatch/routing/route_set.rb:612:in `call'
  (gem) warden-1.2.1/lib/warden/manager.rb:35:in `block in call'
  (gem) warden-1.2.1/lib/warden/manager.rb:34:in `call'
  (gem) actionpack-3.2.13/lib/action_dispatch/middleware/best_standards_support.rb:17:in `call'
  (gem) rack-1.4.5/lib/rack/etag.rb:23:in `call'
  (gem) rack-1.4.5/lib/rack/conditionalget.rb:25:in `call'
  (gem) actionpack-3.2.13/lib/action_dispatch/middleware/head.rb:14:in `call'
  (gem) actionpack-3.2.13/lib/action_dispatch/middleware/params_parser.rb:21:in `call'
  (gem) actionpack-3.2.13/lib/action_dispatch/middleware/flash.rb:242:in `call'
  (gem) rack-1.4.5/lib/rack/session/abstract/id.rb:210:in `context'
  (gem) rack-1.4.5/lib/rack/session/abstract/id.rb:205:in `call'
  (gem) actionpack-3.2.13/lib/action_dispatch/middleware/cookies.rb:341:in `call'
  (gem) activerecord-3.2.13/lib/active_record/query_cache.rb:64:in `call'
  (gem) activerecord-3.2.13/lib/active_record/connection_adapters/abstract/connection_pool.rb:479:in `call'
  (gem) actionpack-3.2.13/lib/action_dispatch/middleware/callbacks.rb:28:in `block in call'
  (gem) activesupport-3.2.13/lib/active_support/callbacks.rb:405:in `_run__3044129535203646335__call__4559537185947239914__callbacks'
  (gem) activesupport-3.2.13/lib/active_support/callbacks.rb:405:in `__run_callback'
  (gem) activesupport-3.2.13/lib/active_support/callbacks.rb:385:in `_run_call_callbacks'
  (gem) activesupport-3.2.13/lib/active_support/callbacks.rb:81:in `run_callbacks'
  (gem) actionpack-3.2.13/lib/action_dispatch/middleware/callbacks.rb:27:in `call'
  (gem) actionpack-3.2.13/lib/action_dispatch/middleware/reloader.rb:65:in `call'
  (gem) actionpack-3.2.13/lib/action_dispatch/middleware/remote_ip.rb:31:in `call'
  (gem) better_errors-0.8.0/lib/better_errors/middleware.rb:84:in `protected_app_call'
  (gem) better_errors-0.8.0/lib/better_errors/middleware.rb:79:in `better_errors_call'
  (gem) better_errors-0.8.0/lib/better_errors/middleware.rb:56:in `call'
  (gem) actionpack-3.2.13/lib/action_dispatch/middleware/debug_exceptions.rb:16:in `call'
  (gem) actionpack-3.2.13/lib/action_dispatch/middleware/show_exceptions.rb:56:in `call'
  (gem) railties-3.2.13/lib/rails/rack/logger.rb:32:in `call_app'
  (gem) railties-3.2.13/lib/rails/rack/logger.rb:16:in `block in call'
  (gem) activesupport-3.2.13/lib/active_support/tagged_logging.rb:22:in `tagged'
  (gem) railties-3.2.13/lib/rails/rack/logger.rb:16:in `call'
  (gem) quiet_assets-1.0.2/lib/quiet_assets.rb:18:in `call_with_quiet_assets'
  (gem) actionpack-3.2.13/lib/action_dispatch/middleware/request_id.rb:22:in `call'
  (gem) rack-1.4.5/lib/rack/methodoverride.rb:21:in `call'
  (gem) rack-1.4.5/lib/rack/runtime.rb:17:in `call'
  (gem) activesupport-3.2.13/lib/active_support/cache/strategy/local_cache.rb:72:in `call'
  (gem) rack-1.4.5/lib/rack/lock.rb:15:in `call'
  (gem) actionpack-3.2.13/lib/action_dispatch/middleware/static.rb:63:in `call'
  (gem) railties-3.2.13/lib/rails/engine.rb:479:in `call'
  (gem) railties-3.2.13/lib/rails/application.rb:223:in `call'
  (gem) rack-1.4.5/lib/rack/content_length.rb:14:in `call'
  (gem) railties-3.2.13/lib/rails/rack/log_tailer.rb:17:in `call'
  (gem) rack-1.4.5/lib/rack/handler/webrick.rb:59:in `service'
  /usr/local/rvm/rubies/ruby-1.9.3-p392/lib/ruby/1.9.1/webrick/httpserver.rb:138:in `service'
  /usr/local/rvm/rubies/ruby-1.9.3-p392/lib/ruby/1.9.1/webrick/httpserver.rb:94:in `run'
  /usr/local/rvm/rubies/ruby-1.9.3-p392/lib/ruby/1.9.1/webrick/server.rb:191:in `block in start_thread'



Started POST "/__better_errors/2158780320/variables" for 127.0.0.1 at 2013-04-27 13:32:50 -0600


Started GET "/users/sign_up" for 127.0.0.1 at 2013-04-27 13:32:51 -0600
Processing by Devise::RegistrationsController#new as HTML
Completed 500 Internal Server Error in 1ms

ActiveRecord::StatementInvalid - Could not find table 'users':
  (gem) activerecord-3.2.13/lib/active_record/connection_adapters/sqlite_adapter.rb:472:in `table_structure'
  (gem) activerecord-3.2.13/lib/active_record/connection_adapters/sqlite_adapter.rb:346:in `columns'
  (gem) activerecord-3.2.13/lib/active_record/connection_adapters/schema_cache.rb:12:in `block in initialize'
  (gem) activerecord-3.2.13/lib/active_record/model_schema.rb:228:in `columns'
  (gem) activerecord-3.2.13/lib/active_record/model_schema.rb:243:in `column_defaults'
  (gem) activerecord-3.2.13/lib/active_record/base.rb:482:in `initialize'
  (gem) devise-2.2.3/lib/devise/models/registerable.rb:20:in `new_with_session'
  (gem) devise-2.2.3/app/controllers/devise/registrations_controller.rb:87:in `build_resource'
  (gem) devise-2.2.3/app/controllers/devise/registrations_controller.rb:7:in `new'
  (gem) actionpack-3.2.13/lib/action_controller/metal/implicit_render.rb:4:in `send_action'
  (gem) actionpack-3.2.13/lib/abstract_controller/base.rb:167:in `process_action'
  (gem) actionpack-3.2.13/lib/action_controller/metal/rendering.rb:10:in `process_action'
  (gem) actionpack-3.2.13/lib/abstract_controller/callbacks.rb:18:in `block in process_action'
  (gem) activesupport-3.2.13/lib/active_support/callbacks.rb:436:in `_run__3659662960858349609__process_action__464572771551287384__callbacks'
  (gem) activesupport-3.2.13/lib/active_support/callbacks.rb:405:in `__run_callback'
  (gem) activesupport-3.2.13/lib/active_support/callbacks.rb:385:in `_run_process_action_callbacks'
  (gem) activesupport-3.2.13/lib/active_support/callbacks.rb:81:in `run_callbacks'
  (gem) actionpack-3.2.13/lib/abstract_controller/callbacks.rb:17:in `process_action'
  (gem) actionpack-3.2.13/lib/action_controller/metal/rescue.rb:29:in `process_action'
  (gem) actionpack-3.2.13/lib/action_controller/metal/instrumentation.rb:30:in `block in process_action'
  (gem) activesupport-3.2.13/lib/active_support/notifications.rb:123:in `block in instrument'
  (gem) activesupport-3.2.13/lib/active_support/notifications/instrumenter.rb:20:in `instrument'
  (gem) activesupport-3.2.13/lib/active_support/notifications.rb:123:in `instrument'
  (gem) actionpack-3.2.13/lib/action_controller/metal/instrumentation.rb:29:in `process_action'
  (gem) actionpack-3.2.13/lib/action_controller/metal/params_wrapper.rb:207:in `process_action'
  (gem) activerecord-3.2.13/lib/active_record/railties/controller_runtime.rb:18:in `process_action'
  (gem) actionpack-3.2.13/lib/abstract_controller/base.rb:121:in `process'
  (gem) actionpack-3.2.13/lib/abstract_controller/rendering.rb:45:in `process'
  (gem) actionpack-3.2.13/lib/action_controller/metal.rb:203:in `dispatch'
  (gem) actionpack-3.2.13/lib/action_controller/metal/rack_delegation.rb:14:in `dispatch'
  (gem) actionpack-3.2.13/lib/action_controller/metal.rb:246:in `block in action'
  (gem) actionpack-3.2.13/lib/action_dispatch/routing/route_set.rb:73:in `dispatch'
  (gem) actionpack-3.2.13/lib/action_dispatch/routing/route_set.rb:36:in `call'
  (gem) actionpack-3.2.13/lib/action_dispatch/routing/mapper.rb:42:in `call'
  (gem) journey-1.0.4/lib/journey/router.rb:68:in `block in call'
  (gem) journey-1.0.4/lib/journey/router.rb:56:in `call'
  (gem) actionpack-3.2.13/lib/action_dispatch/routing/route_set.rb:612:in `call'
  (gem) warden-1.2.1/lib/warden/manager.rb:35:in `block in call'
  (gem) warden-1.2.1/lib/warden/manager.rb:34:in `call'
  (gem) actionpack-3.2.13/lib/action_dispatch/middleware/best_standards_support.rb:17:in `call'
  (gem) rack-1.4.5/lib/rack/etag.rb:23:in `call'
  (gem) rack-1.4.5/lib/rack/conditionalget.rb:25:in `call'
  (gem) actionpack-3.2.13/lib/action_dispatch/middleware/head.rb:14:in `call'
  (gem) actionpack-3.2.13/lib/action_dispatch/middleware/params_parser.rb:21:in `call'
  (gem) actionpack-3.2.13/lib/action_dispatch/middleware/flash.rb:242:in `call'
  (gem) rack-1.4.5/lib/rack/session/abstract/id.rb:210:in `context'
  (gem) rack-1.4.5/lib/rack/session/abstract/id.rb:205:in `call'
  (gem) actionpack-3.2.13/lib/action_dispatch/middleware/cookies.rb:341:in `call'
  (gem) activerecord-3.2.13/lib/active_record/query_cache.rb:64:in `call'
  (gem) activerecord-3.2.13/lib/active_record/connection_adapters/abstract/connection_pool.rb:479:in `call'
  (gem) actionpack-3.2.13/lib/action_dispatch/middleware/callbacks.rb:28:in `block in call'
  (gem) activesupport-3.2.13/lib/active_support/callbacks.rb:405:in `_run__3044129535203646335__call__4559537185947239914__callbacks'
  (gem) activesupport-3.2.13/lib/active_support/callbacks.rb:405:in `__run_callback'
  (gem) activesupport-3.2.13/lib/active_support/callbacks.rb:385:in `_run_call_callbacks'
  (gem) activesupport-3.2.13/lib/active_support/callbacks.rb:81:in `run_callbacks'
  (gem) actionpack-3.2.13/lib/action_dispatch/middleware/callbacks.rb:27:in `call'
  (gem) actionpack-3.2.13/lib/action_dispatch/middleware/reloader.rb:65:in `call'
  (gem) actionpack-3.2.13/lib/action_dispatch/middleware/remote_ip.rb:31:in `call'
  (gem) better_errors-0.8.0/lib/better_errors/middleware.rb:84:in `protected_app_call'
  (gem) better_errors-0.8.0/lib/better_errors/middleware.rb:79:in `better_errors_call'
  (gem) better_errors-0.8.0/lib/better_errors/middleware.rb:56:in `call'
  (gem) actionpack-3.2.13/lib/action_dispatch/middleware/debug_exceptions.rb:16:in `call'
  (gem) actionpack-3.2.13/lib/action_dispatch/middleware/show_exceptions.rb:56:in `call'
  (gem) railties-3.2.13/lib/rails/rack/logger.rb:32:in `call_app'
  (gem) railties-3.2.13/lib/rails/rack/logger.rb:16:in `block in call'
  (gem) activesupport-3.2.13/lib/active_support/tagged_logging.rb:22:in `tagged'
  (gem) railties-3.2.13/lib/rails/rack/logger.rb:16:in `call'
  (gem) quiet_assets-1.0.2/lib/quiet_assets.rb:18:in `call_with_quiet_assets'
  (gem) actionpack-3.2.13/lib/action_dispatch/middleware/request_id.rb:22:in `call'
  (gem) rack-1.4.5/lib/rack/methodoverride.rb:21:in `call'
  (gem) rack-1.4.5/lib/rack/runtime.rb:17:in `call'
  (gem) activesupport-3.2.13/lib/active_support/cache/strategy/local_cache.rb:72:in `call'
  (gem) rack-1.4.5/lib/rack/lock.rb:15:in `call'
  (gem) actionpack-3.2.13/lib/action_dispatch/middleware/static.rb:63:in `call'
  (gem) railties-3.2.13/lib/rails/engine.rb:479:in `call'
  (gem) railties-3.2.13/lib/rails/application.rb:223:in `call'
  (gem) rack-1.4.5/lib/rack/content_length.rb:14:in `call'
  (gem) railties-3.2.13/lib/rails/rack/log_tailer.rb:17:in `call'
  (gem) rack-1.4.5/lib/rack/handler/webrick.rb:59:in `service'
  /usr/local/rvm/rubies/ruby-1.9.3-p392/lib/ruby/1.9.1/webrick/httpserver.rb:138:in `service'
  /usr/local/rvm/rubies/ruby-1.9.3-p392/lib/ruby/1.9.1/webrick/httpserver.rb:94:in `run'
  /usr/local/rvm/rubies/ruby-1.9.3-p392/lib/ruby/1.9.1/webrick/server.rb:191:in `block in start_thread'



Started POST "/__better_errors/2158561280/variables" for 127.0.0.1 at 2013-04-27 13:32:51 -0600
Connecting to database specified by database.yml


Started GET "/users/sign_up" for 127.0.0.1 at 2013-04-27 13:33:08 -0600
Processing by Devise::RegistrationsController#new as HTML
  Rendered devise/shared/_links.erb (1.6ms)
  Rendered devise/registrations/new.html.erb within layouts/application (105.3ms)
  Rendered shared/_navbar.html.erb (0.3ms)
  Rendered shared/_footer.html.erb (0.2ms)
Completed 200 OK in 251ms (Views: 198.5ms | ActiveRecord: 2.5ms)


Started POST "/users" for 127.0.0.1 at 2013-04-27 13:33:51 -0600
Processing by Devise::RegistrationsController#create as HTML
  Parameters: {"utf8"=>"✓", "authenticity_token"=>"h/Pp1vAGNoIAV0UZCWLzYJg8tPFp2wM2IwzoKv9xYtk=", "user"=>{"first_name"=>"Tommy", "last_name"=>"Benning", "zipcode"=>"80502", "phone"=>"7209373631", "email"=>"benning.thomas@gmail.com", "password"=>"[FILTERED]", "password_confirmation"=>"[FILTERED]"}, "commit"=>"Sign up"}
  [1m[36m (0.1ms)[0m  [1mbegin transaction[0m
  [1m[35mUser Exists (0.2ms)[0m  SELECT 1 AS one FROM "users" WHERE "users"."email" = 'benning.thomas@gmail.com' LIMIT 1
  [1m[36m (0.1ms)[0m  [1mrollback transaction[0m
  Rendered devise/shared/_links.erb (0.4ms)
  Rendered devise/registrations/new.html.erb within layouts/application (26.7ms)
  Rendered shared/_navbar.html.erb (0.0ms)
  Rendered shared/_footer.html.erb (0.0ms)
Completed 200 OK in 190ms (Views: 69.1ms | ActiveRecord: 0.0ms)


Started POST "/users" for 127.0.0.1 at 2013-04-27 13:34:00 -0600
Processing by Devise::RegistrationsController#create as HTML
  Parameters: {"utf8"=>"✓", "authenticity_token"=>"h/Pp1vAGNoIAV0UZCWLzYJg8tPFp2wM2IwzoKv9xYtk=", "user"=>{"first_name"=>"Tommy", "last_name"=>"Benning", "zipcode"=>"80502", "phone"=>"7209373631", "email"=>"benning.thomas@gmail.com", "password"=>"[FILTERED]", "password_confirmation"=>"[FILTERED]"}, "commit"=>"Sign up"}
  [1m[35m (0.1ms)[0m  begin transaction
  [1m[36mUser Exists (0.1ms)[0m  [1mSELECT 1 AS one FROM "users" WHERE "users"."email" = 'benning.thomas@gmail.com' LIMIT 1[0m
Binary data inserted for `string` type on column `encrypted_password`
  [1m[35mSQL (28.8ms)[0m  INSERT INTO "users" ("created_at", "current_sign_in_at", "current_sign_in_ip", "description", "email", "encrypted_password", "first_name", "last_name", "last_sign_in_at", "last_sign_in_ip", "phone", "remember_created_at", "reset_password_sent_at", "reset_password_token", "sign_in_count", "updated_at", "zipcode") VALUES (?, ?, ?, ?, ?, ?, ?, ?, ?, ?, ?, ?, ?, ?, ?, ?, ?)  [["created_at", Sat, 27 Apr 2013 19:34:00 UTC +00:00], ["current_sign_in_at", nil], ["current_sign_in_ip", nil], ["description", nil], ["email", "benning.thomas@gmail.com"], ["encrypted_password", "$2a$10$nI6Y3fVvRZTv85rMgBq5QuGWTY7F5ypTurVyuVX9/JVgIWhmUlhke"], ["first_name", "Tommy"], ["last_name", "Benning"], ["last_sign_in_at", nil], ["last_sign_in_ip", nil], ["phone", "7209373631"], ["remember_created_at", nil], ["reset_password_sent_at", nil], ["reset_password_token", nil], ["sign_in_count", 0], ["updated_at", Sat, 27 Apr 2013 19:34:00 UTC +00:00], ["zipcode", "80502"]]
  [1m[36m (1.3ms)[0m  [1mcommit transaction[0m
  [1m[35m (0.1ms)[0m  begin transaction
  [1m[36m (0.4ms)[0m  [1mUPDATE "users" SET "last_sign_in_at" = '2013-04-27 19:34:00.650045', "current_sign_in_at" = '2013-04-27 19:34:00.650045', "last_sign_in_ip" = '127.0.0.1', "current_sign_in_ip" = '127.0.0.1', "sign_in_count" = 1, "updated_at" = '2013-04-27 19:34:00.651228' WHERE "users"."id" = 1[0m
  [1m[35m (1.1ms)[0m  commit transaction
Redirected to http://0.0.0.0:3000/
Completed 302 Found in 130ms (ActiveRecord: 0.0ms)


Started GET "/" for 127.0.0.1 at 2013-04-27 13:34:00 -0600
Processing by WelcomeController#index as HTML
  Rendered welcome/index.html.erb within layouts/application (0.3ms)
  Rendered shared/_navbar.html.erb (0.0ms)
  Rendered shared/_footer.html.erb (0.0ms)
Completed 200 OK in 56ms (Views: 56.1ms | ActiveRecord: 0.0ms)


Started GET "/users" for 127.0.0.1 at 2013-04-27 13:34:08 -0600
Processing by UsersController#index as HTML
  [1m[36mUser Load (0.2ms)[0m  [1mSELECT "users".* FROM "users" [0m
  Rendered users/index.html.erb within layouts/application (0.9ms)
  Rendered shared/_navbar.html.erb (0.0ms)
  Rendered shared/_footer.html.erb (0.0ms)
Completed 200 OK in 58ms (Views: 56.8ms | ActiveRecord: 0.2ms)


Started GET "/users/1" for 127.0.0.1 at 2013-04-27 13:34:12 -0600
Processing by UsersController#show as HTML
  Parameters: {"id"=>"1"}
  [1m[35mUser Load (0.2ms)[0m  SELECT "users".* FROM "users" WHERE "users"."id" = 1 LIMIT 1
  Rendered users/show.html.erb within layouts/application (0.5ms)
  Rendered shared/_navbar.html.erb (0.0ms)
  Rendered shared/_footer.html.erb (0.0ms)
Completed 200 OK in 74ms (Views: 66.3ms | ActiveRecord: 0.2ms)
Connecting to database specified by database.yml


Started GET "/users/1" for 127.0.0.1 at 2013-04-27 13:36:00 -0600
Processing by UsersController#show as HTML
  Parameters: {"id"=>"1"}
  [1m[36mUser Load (0.3ms)[0m  [1mSELECT "users".* FROM "users" WHERE "users"."id" = 1 LIMIT 1[0m
  Rendered users/show.html.erb within layouts/application (0.1ms)
  Rendered shared/_navbar.html.erb (0.0ms)
  Rendered shared/_footer.html.erb (0.0ms)
Completed 200 OK in 56ms (Views: 53.6ms | ActiveRecord: 0.3ms)


Started GET "/users/1" for 127.0.0.1 at 2013-04-27 13:36:01 -0600
Processing by UsersController#show as HTML
  Parameters: {"id"=>"1"}
  [1m[35mUser Load (0.2ms)[0m  SELECT "users".* FROM "users" WHERE "users"."id" = 1 LIMIT 1
  Rendered users/show.html.erb within layouts/application (0.1ms)
  Rendered shared/_navbar.html.erb (0.0ms)
  Rendered shared/_footer.html.erb (0.0ms)
Completed 200 OK in 37ms (Views: 36.2ms | ActiveRecord: 0.2ms)


Started GET "/users/1" for 127.0.0.1 at 2013-04-27 13:36:01 -0600
Processing by UsersController#show as HTML
  Parameters: {"id"=>"1"}
  [1m[36mUser Load (0.2ms)[0m  [1mSELECT "users".* FROM "users" WHERE "users"."id" = 1 LIMIT 1[0m
  Rendered users/show.html.erb within layouts/application (0.1ms)
  Rendered shared/_navbar.html.erb (0.0ms)
  Rendered shared/_footer.html.erb (0.0ms)
Completed 200 OK in 64ms (Views: 63.2ms | ActiveRecord: 0.2ms)


Started GET "/users/1" for 127.0.0.1 at 2013-04-27 13:36:02 -0600
Processing by UsersController#show as HTML
  Parameters: {"id"=>"1"}
  [1m[35mUser Load (0.2ms)[0m  SELECT "users".* FROM "users" WHERE "users"."id" = 1 LIMIT 1
  Rendered users/show.html.erb within layouts/application (0.1ms)
  Rendered shared/_navbar.html.erb (0.0ms)
  Rendered shared/_footer.html.erb (0.0ms)
Completed 200 OK in 68ms (Views: 66.7ms | ActiveRecord: 0.2ms)


Started GET "/users/1" for 127.0.0.1 at 2013-04-27 13:36:22 -0600
Processing by UsersController#show as HTML
  Parameters: {"id"=>"1"}
  [1m[36mUser Load (0.3ms)[0m  [1mSELECT "users".* FROM "users" WHERE "users"."id" = 1 LIMIT 1[0m
  Rendered users/show.html.erb within layouts/application (0.1ms)
  Rendered shared/_navbar.html.erb (0.0ms)
  Rendered shared/_footer.html.erb (0.0ms)
Completed 200 OK in 38ms (Views: 36.7ms | ActiveRecord: 0.3ms)
Connecting to database specified by database.yml
